{"name": "Q4 2023 Report", "status": "broken", "statusDetails": {"message": "selenium.common.exceptions.NoSuchElementException: Message: no such element: Unable to locate element: {\"method\":\"xpath\",\"selector\":\"(//td[@class ='key' and contains(text(),'Name')]/following-sibling::td[@class ='value breakword'])[1]\"}\n  (Session info: chrome-headless-shell=121.0.6167.139); For documentation on this error, please visit: https://www.selenium.dev/documentation/webdriver/troubleshooting/errors#no-such-element-exception\nStacktrace:\n0   chromedriver                        0x0000000104b927dc chromedriver + 4040668\n1   chromedriver                        0x0000000104b8a9e0 chromedriver + 4008416\n2   chromedriver                        0x00000001047fd870 chromedriver + 284784\n3   chromedriver                        0x0000000104841080 chromedriver + 561280\n4   chromedriver                        0x000000010487b048 chromedriver + 798792\n5   chromedriver                        0x000000010483574c chromedriver + 513868\n6   chromedriver                        0x0000000104836044 chromedriver + 516164\n7   chromedriver                        0x0000000104b57a04 chromedriver + 3799556\n8   chromedriver                        0x0000000104b5bee4 chromedriver + 3817188\n9   chromedriver                        0x0000000104b40260 chromedriver + 3703392\n10  chromedriver                        0x0000000104b5ca2c chromedriver + 3820076\n11  chromedriver                        0x0000000104b3301c chromedriver + 3649564\n12  chromedriver                        0x0000000104b79e3c chromedriver + 3939900\n13  chromedriver                        0x0000000104b79fb4 chromedriver + 3940276\n14  chromedriver                        0x0000000104b8a660 chromedriver + 4007520\n15  libsystem_pthread.dylib             0x000000018292a034 _pthread_start + 136\n16  libsystem_pthread.dylib             0x0000000182924e3c thread_start + 8", "trace": "self = <Tests.test_pardot.test_reports_pardot.TestReportsPages object at 0x107098910>\nget_pardot = <selenium.webdriver.chrome.webdriver.WebDriver (session=\"6f99cce3b71d5c9bd6ecd91ecf95829d\")>\nForm_handler_url = 'https://pi.pardot.com/formHandler/read/id/6318'\nfill_method = <function ReportPagesPardot.compare_data_qtr2023_4 at 0x10706a840>, title = 'Q4 2023 Report'\ndescription = \"Compare Pardot data with entered 'Q4 2023 Quarterly Digital Trends Report' data\"\n\n    @allure.tag(\"Compare Pardot data with entered Reports data\")\n    @allure.severity(allure.severity_level.CRITICAL)\n    @pytest.mark.parametrize('Form_handler_url,fill_method, title, description', [\n    \n        (Urls.pardot_qtr2023_4_form_handler, ReportPagesPardot.compare_data_qtr2023_4, \"Q4 2023 Report\",\n         \"Compare Pardot data with entered 'Q4 2023 Quarterly Digital Trends Report' data\"),\n    \n        (Urls.pardot_qtr2023_3_form_handler, ReportPagesPardot.compare_data_qtr2023_3, \"Q3 2023 Report\",\n         \"Compare Pardot data with entered 'Q3 2023 Quarterly Digital Trends Report' data\"),\n    \n        (Urls.pardot_qtr2023_2_form_handler, ReportPagesPardot.compare_data_qtr2023_2, \"Q2 2023 Report\",\n         \"Compare Pardot data with entered 'Q2 2023 Quarterly Digital Trends Report' data\"),\n    \n        (Urls.pardot_ai_form_handler, ReportPagesPardot.compare_data_ai, \"Generative AI Report\",\n         \"Compare Pardot data with entered 'The Next Big Thing: Where Generative AIâ€™s.. report' data\"),\n    \n        (Urls.pardot_hidden_cost_handler, ReportPagesPardot.compare_data_hidden_cost, \"Hidden Cost Report\",\n         \"Compare Pardot data with entered 'Hidden Cost Report' data\")\n    \n        # (Urls.pardot_prime_day_form_handler, ReportPagesPardot.compare_data_prime_day, \"Prime Day 2023 Report\",\n        #  \"Compare Pardot data with entered 'Prime Day 2023 Report' data\"),\n    \n        # (Urls.pardot_amazon_form_handler, ReportPagesPardot.compare_data_amazon_playbook,\n        #  \"Amazon Marketing Cloud Playbook Report\",\n        #  \"Compare Pardot data with entered 'Amazon Marketing Cloud Playbook Report' data\"),\n        #\n        # (Urls.pardot_apple_ads_form_handler, ReportPagesPardot.compare_data_apple_ads, \"Apple Search Ads Report\",\n        #  \"Compare Pardot data with entered 'Apple Search Ads Report' data\"),\n    \n    ])\n    def test_compare_report_data(self, get_pardot, Form_handler_url, fill_method, title, description):\n        allure.dynamic.title(title)\n        allure.dynamic.description(description)\n        driver = get_pardot\n        report = ReportPagesPardot(driver, Form_handler_url)\n        driver.set_window_size(1920, 1080)\n>       fill_method(report, driver)\n\ntest_pardot/test_reports_pardot.py:44: \n_ _ _ _ _ _ _ _ _ _ _ _ _ _ _ _ _ _ _ _ _ _ _ _ _ _ _ _ _ _ _ _ _ _ _ _ _ _ _ _ _ _ _ _ _ _ _ _ _ _ _ _ _ _ _ _ _ _ _ _ _ _ _ _ _ _ _ _ _ _ _ _ _\n../Pages/Pardot/reports_pages.py:14: in compare_data_qtr2023_4\n    qtr_2023_4_report.compare_data(contact_data_qtr_2023_4)\n../Pages/Pardot/Base_reports_page.py:34: in compare_data\n    name_pardot = self.driver.find_element(By.XPATH, Contact_pardot.name_field).text.strip()\n/Library/Frameworks/Python.framework/Versions/3.11/lib/python3.11/site-packages/selenium/webdriver/remote/webdriver.py:741: in find_element\n    return self.execute(Command.FIND_ELEMENT, {\"using\": by, \"value\": value})[\"value\"]\n/Library/Frameworks/Python.framework/Versions/3.11/lib/python3.11/site-packages/selenium/webdriver/remote/webdriver.py:347: in execute\n    self.error_handler.check_response(response)\n_ _ _ _ _ _ _ _ _ _ _ _ _ _ _ _ _ _ _ _ _ _ _ _ _ _ _ _ _ _ _ _ _ _ _ _ _ _ _ _ _ _ _ _ _ _ _ _ _ _ _ _ _ _ _ _ _ _ _ _ _ _ _ _ _ _ _ _ _ _ _ _ _\n\nself = <selenium.webdriver.remote.errorhandler.ErrorHandler object at 0x10751cf50>\nresponse = {'status': 404, 'value': '{\"value\":{\"error\":\"no such element\",\"message\":\"no such element: Unable to locate element: {\\...00018292a034 _pthread_start + 136\\\\n16  libsystem_pthread.dylib             0x0000000182924e3c thread_start + 8\\\\n\"}}'}\n\n    def check_response(self, response: Dict[str, Any]) -> None:\n        \"\"\"Checks that a JSON response from the WebDriver does not have an\n        error.\n    \n        :Args:\n         - response - The JSON response from the WebDriver server as a dictionary\n           object.\n    \n        :Raises: If the response contains an error message.\n        \"\"\"\n        status = response.get(\"status\", None)\n        if not status or status == ErrorCode.SUCCESS:\n            return\n        value = None\n        message = response.get(\"message\", \"\")\n        screen: str = response.get(\"screen\", \"\")\n        stacktrace = None\n        if isinstance(status, int):\n            value_json = response.get(\"value\", None)\n            if value_json and isinstance(value_json, str):\n                import json\n    \n                try:\n                    value = json.loads(value_json)\n                    if len(value) == 1:\n                        value = value[\"value\"]\n                    status = value.get(\"error\", None)\n                    if not status:\n                        status = value.get(\"status\", ErrorCode.UNKNOWN_ERROR)\n                        message = value.get(\"value\") or value.get(\"message\")\n                        if not isinstance(message, str):\n                            value = message\n                            message = message.get(\"message\")\n                    else:\n                        message = value.get(\"message\", None)\n                except ValueError:\n                    pass\n    \n        exception_class: Type[WebDriverException]\n        e = ErrorCode()\n        error_codes = [item for item in dir(e) if not item.startswith(\"__\")]\n        for error_code in error_codes:\n            error_info = getattr(ErrorCode, error_code)\n            if isinstance(error_info, list) and status in error_info:\n                exception_class = getattr(ExceptionMapping, error_code, WebDriverException)\n                break\n        else:\n            exception_class = WebDriverException\n    \n        if not value:\n            value = response[\"value\"]\n        if isinstance(value, str):\n            raise exception_class(value)\n        if message == \"\" and \"message\" in value:\n            message = value[\"message\"]\n    \n        screen = None  # type: ignore[assignment]\n        if \"screen\" in value:\n            screen = value[\"screen\"]\n    \n        stacktrace = None\n        st_value = value.get(\"stackTrace\") or value.get(\"stacktrace\")\n        if st_value:\n            if isinstance(st_value, str):\n                stacktrace = st_value.split(\"\\n\")\n            else:\n                stacktrace = []\n                try:\n                    for frame in st_value:\n                        line = frame.get(\"lineNumber\", \"\")\n                        file = frame.get(\"fileName\", \"<anonymous>\")\n                        if line:\n                            file = f\"{file}:{line}\"\n                        meth = frame.get(\"methodName\", \"<anonymous>\")\n                        if \"className\" in frame:\n                            meth = f\"{frame['className']}.{meth}\"\n                        msg = \"    at %s (%s)\"\n                        msg = msg % (meth, file)\n                        stacktrace.append(msg)\n                except TypeError:\n                    pass\n        if exception_class == UnexpectedAlertPresentException:\n            alert_text = None\n            if \"data\" in value:\n                alert_text = value[\"data\"].get(\"text\")\n            elif \"alert\" in value:\n                alert_text = value[\"alert\"].get(\"text\")\n            raise exception_class(message, screen, stacktrace, alert_text)  # type: ignore[call-arg]  # mypy is not smart enough here\n>       raise exception_class(message, screen, stacktrace)\nE       selenium.common.exceptions.NoSuchElementException: Message: no such element: Unable to locate element: {\"method\":\"xpath\",\"selector\":\"(//td[@class ='key' and contains(text(),'Name')]/following-sibling::td[@class ='value breakword'])[1]\"}\nE         (Session info: chrome-headless-shell=121.0.6167.139); For documentation on this error, please visit: https://www.selenium.dev/documentation/webdriver/troubleshooting/errors#no-such-element-exception\nE       Stacktrace:\nE       0   chromedriver                        0x0000000104b927dc chromedriver + 4040668\nE       1   chromedriver                        0x0000000104b8a9e0 chromedriver + 4008416\nE       2   chromedriver                        0x00000001047fd870 chromedriver + 284784\nE       3   chromedriver                        0x0000000104841080 chromedriver + 561280\nE       4   chromedriver                        0x000000010487b048 chromedriver + 798792\nE       5   chromedriver                        0x000000010483574c chromedriver + 513868\nE       6   chromedriver                        0x0000000104836044 chromedriver + 516164\nE       7   chromedriver                        0x0000000104b57a04 chromedriver + 3799556\nE       8   chromedriver                        0x0000000104b5bee4 chromedriver + 3817188\nE       9   chromedriver                        0x0000000104b40260 chromedriver + 3703392\nE       10  chromedriver                        0x0000000104b5ca2c chromedriver + 3820076\nE       11  chromedriver                        0x0000000104b3301c chromedriver + 3649564\nE       12  chromedriver                        0x0000000104b79e3c chromedriver + 3939900\nE       13  chromedriver                        0x0000000104b79fb4 chromedriver + 3940276\nE       14  chromedriver                        0x0000000104b8a660 chromedriver + 4007520\nE       15  libsystem_pthread.dylib             0x000000018292a034 _pthread_start + 136\nE       16  libsystem_pthread.dylib             0x0000000182924e3c thread_start + 8\n\n/Library/Frameworks/Python.framework/Versions/3.11/lib/python3.11/site-packages/selenium/webdriver/remote/errorhandler.py:229: NoSuchElementException"}, "description": "Compare Pardot data with entered 'Q4 2023 Quarterly Digital Trends Report' data", "steps": [{"name": "Compare data QTR_2024_4 report", "status": "broken", "statusDetails": {"message": "selenium.common.exceptions.NoSuchElementException: Message: no such element: Unable to locate element: {\"method\":\"xpath\",\"selector\":\"(//td[@class ='key' and contains(text(),'Name')]/following-sibling::td[@class ='value breakword'])[1]\"}\n  (Session info: chrome-headless-shell=121.0.6167.139); For documentation on this error, please visit: https://www.selenium.dev/documentation/webdriver/troubleshooting/errors#no-such-element-exception\nStacktrace:\n0   chromedriver                        0x0000000104b927dc chromedriver + 4040668\n1   chromedriver                        0x0000000104b8a9e0 chromedriver + 4008416\n2   chromedriver                        0x00000001047fd870 chromedriver + 284784\n3   chromedriver                        0x0000000104841080 chromedriver + 561280\n4   chromedriver                        0x000000010487b048 chromedriver + 798792\n5   chromedriver                        0x000000010483574c chromedriver + 513868\n6   chromedriver                        0x0000000104836044 chromedriver + 516164\n7   chromedriver                        0x0000000104b57a04 chromedriver + 3799556\n8   chromedriver                        0x0000000104b5bee4 chromedriver + 3817188\n9   chromedriver                        0x0000000104b40260 chromedriver + 3703392\n10  chromedriver                        0x0000000104b5ca2c chromedriver + 3820076\n11  chromedriver                        0x0000000104b3301c chromedriver + 3649564\n12  chromedriver                        0x0000000104b79e3c chromedriver + 3939900\n13  chromedriver                        0x0000000104b79fb4 chromedriver + 3940276\n14  chromedriver                        0x0000000104b8a660 chromedriver + 4007520\n15  libsystem_pthread.dylib             0x000000018292a034 _pthread_start + 136\n16  libsystem_pthread.dylib             0x0000000182924e3c thread_start + 8\n\n", "trace": "  File \"/Library/Frameworks/Python.framework/Versions/3.11/lib/python3.11/site-packages/allure_commons/_allure.py\", line 192, in impl\n    return func(*a, **kw)\n           ^^^^^^^^^^^^^^\n  File \"/Users/evgeniapokrovskaya/Documents/Skai_testing/Pages/Pardot/reports_pages.py\", line 14, in compare_data_qtr2023_4\n    qtr_2023_4_report.compare_data(contact_data_qtr_2023_4)\n  File \"/Users/evgeniapokrovskaya/Documents/Skai_testing/Pages/Pardot/Base_reports_page.py\", line 34, in compare_data\n    name_pardot = self.driver.find_element(By.XPATH, Contact_pardot.name_field).text.strip()\n                  ^^^^^^^^^^^^^^^^^^^^^^^^^^^^^^^^^^^^^^^^^^^^^^^^^^^^^^^^^^^^^\n  File \"/Library/Frameworks/Python.framework/Versions/3.11/lib/python3.11/site-packages/selenium/webdriver/remote/webdriver.py\", line 741, in find_element\n    return self.execute(Command.FIND_ELEMENT, {\"using\": by, \"value\": value})[\"value\"]\n           ^^^^^^^^^^^^^^^^^^^^^^^^^^^^^^^^^^^^^^^^^^^^^^^^^^^^^^^^^^^^^^^^^\n  File \"/Library/Frameworks/Python.framework/Versions/3.11/lib/python3.11/site-packages/selenium/webdriver/remote/webdriver.py\", line 347, in execute\n    self.error_handler.check_response(response)\n  File \"/Library/Frameworks/Python.framework/Versions/3.11/lib/python3.11/site-packages/selenium/webdriver/remote/errorhandler.py\", line 229, in check_response\n    raise exception_class(message, screen, stacktrace)\n"}, "steps": [{"name": "Load JSON data", "status": "passed", "attachments": [{"name": "Loaded Entered Data from form", "source": "ed4f7a14-7091-4376-8193-f39f000e989a-attachment.json", "type": "application/json"}], "parameters": [{"name": "json_path", "value": "'../../Pages/json/entered_data_qtr2023_4_report.json'"}], "start": 1707136863846, "stop": 1707136863848}, {"name": "Open the page", "status": "passed", "start": 1707136863848, "stop": 1707136864924}], "parameters": [{"name": "driver", "value": "<selenium.webdriver.chrome.webdriver.WebDriver (session=\"6f99cce3b71d5c9bd6ecd91ecf95829d\")>"}], "start": 1707136863846, "stop": 1707136866667}], "parameters": [{"name": "Form_handler_url", "value": "'https://pi.pardot.com/formHandler/read/id/6318'"}, {"name": "fill_method", "value": "<function ReportPagesPardot.compare_data_qtr2023_4 at 0x10706a840>"}, {"name": "title", "value": "'Q4 2023 Report'"}, {"name": "description", "value": "'Compare Pardot data with entered 'Q4 2023 Quarterly Digital Trends Report' data'"}], "start": 1707136863738, "stop": 1707136866670, "uuid": "e88108f3-44e0-4c43-8533-f5d61704fb72", "historyId": "bd82e74bd5d346c6d4e0afa85e9a0ac9", "testCaseId": "284b00ecd6e1ff0b2f8624838256a068", "fullName": "test_pardot.test_reports_pardot.TestReportsPages#test_compare_report_data", "labels": [{"name": "severity", "value": "critical"}, {"name": "tag", "value": "Compare Pardot data with entered Reports data"}, {"name": "parentSuite", "value": "test_pardot"}, {"name": "suite", "value": "test_reports_pardot"}, {"name": "subSuite", "value": "TestReportsPages"}, {"name": "host", "value": "MacBook-Pro.local"}, {"name": "thread", "value": "18906-MainThread"}, {"name": "framework", "value": "pytest"}, {"name": "language", "value": "cpython3"}, {"name": "package", "value": "test_pardot.test_reports_pardot"}]}